0 info it worked if it ends with ok
1 verbose cli [ 'D:\\Arquivos de Programas\\Node\\node.exe',
1 verbose cli   'D:\\Arquivos de Programas\\Node\\node_modules\\npm\\bin\\npm-cli.js',
1 verbose cli   'start' ]
2 info using npm@4.1.2
3 info using node@v7.7.2
4 verbose run-script [ 'prestart', 'start', 'poststart' ]
5 info lifecycle crudnodejs@0.0.0~prestart: crudnodejs@0.0.0
6 silly lifecycle crudnodejs@0.0.0~prestart: no script for prestart, continuing
7 info lifecycle crudnodejs@0.0.0~start: crudnodejs@0.0.0
8 verbose lifecycle crudnodejs@0.0.0~start: unsafe-perm in lifecycle true
9 verbose lifecycle crudnodejs@0.0.0~start: PATH: D:\Arquivos de Programas\Node\node_modules\npm\bin\node-gyp-bin;D:\Xampp\htdocs\crudNodeJS\node_modules\.bin;D:\Arquivos de Programas\cmder\bin;D:\Arquivos de Programas\cmder\vendor\conemu-maximus5\ConEmu\Scripts;D:\Arquivos de Programas\cmder\vendor\conemu-maximus5;D:\Arquivos de Programas\cmder\vendor\conemu-maximus5\ConEmu;C:\ProgramData\Oracle\Java\javapath;C:\WINDOWS\system32;C:\WINDOWS;C:\WINDOWS\System32\Wbem;C:\WINDOWS\System32\WindowsPowerShell\v1.0\;D:\Arquivos de Programas\Subversion\bin;D:\Arquivos de Programas\Git\cmd;C:\Program Files (x86)\Skype\Phone\;D:\Arquivos de Programas\Node\;C:\Users\chral\AppData\Local\Microsoft\WindowsApps;C:\Users\chral\AppData\Local\atom\bin;C:\Users\chral\AppData\Local\Microsoft\WindowsApps;C:\Users\chral\AppData\Roaming\npm;D:\Arquivos de Programas\Git\usr\bin;D:\Arquivos de Programas\Git\usr\share\vim\vim74;D:\Arquivos de Programas\cmder\
10 verbose lifecycle crudnodejs@0.0.0~start: CWD: D:\Xampp\htdocs\crudNodeJS
11 silly lifecycle crudnodejs@0.0.0~start: Args: [ '/d /s /c', 'node ./bin/www' ]
12 silly lifecycle crudnodejs@0.0.0~start: Returned: code: 3221225786  signal: null
13 info lifecycle crudnodejs@0.0.0~start: Failed to exec start script
14 verbose stack Error: crudnodejs@0.0.0 start: `node ./bin/www`
14 verbose stack Exit status 3221225786
14 verbose stack     at EventEmitter.<anonymous> (D:\Arquivos de Programas\Node\node_modules\npm\lib\utils\lifecycle.js:279:16)
14 verbose stack     at emitTwo (events.js:106:13)
14 verbose stack     at EventEmitter.emit (events.js:194:7)
14 verbose stack     at ChildProcess.<anonymous> (D:\Arquivos de Programas\Node\node_modules\npm\lib\utils\spawn.js:40:14)
14 verbose stack     at emitTwo (events.js:106:13)
14 verbose stack     at ChildProcess.emit (events.js:194:7)
14 verbose stack     at maybeClose (internal/child_process.js:899:16)
14 verbose stack     at Process.ChildProcess._handle.onexit (internal/child_process.js:226:5)
15 verbose pkgid crudnodejs@0.0.0
16 verbose cwd D:\Xampp\htdocs\crudNodeJS
17 error Windows_NT 10.0.14986
18 error argv "D:\\Arquivos de Programas\\Node\\node.exe" "D:\\Arquivos de Programas\\Node\\node_modules\\npm\\bin\\npm-cli.js" "start"
19 error node v7.7.2
20 error npm  v4.1.2
21 error code ELIFECYCLE
22 error crudnodejs@0.0.0 start: `node ./bin/www`
22 error Exit status 3221225786
23 error Failed at the crudnodejs@0.0.0 start script 'node ./bin/www'.
23 error Make sure you have the latest version of node.js and npm installed.
23 error If you do, this is most likely a problem with the crudnodejs package,
23 error not with npm itself.
23 error Tell the author that this fails on your system:
23 error     node ./bin/www
23 error You can get information on how to open an issue for this project with:
23 error     npm bugs crudnodejs
23 error Or if that isn't available, you can get their info via:
23 error     npm owner ls crudnodejs
23 error There is likely additional logging output above.
24 verbose exit [ 1, true ]
